Base path: C:/Program Files (x86)/Unity/Editor/Data
Pipe name: \\.\pipe\UnityShaderCompiler-1-2040
Cmd: getPlatforms
Cmd: preprocess
  insize=967 outsize=1491 ok=1
Cmd: compileSnippet
  api=4 type=0 insize=5176 outsize=4069 kw=DIRECTIONAL SHADOWS_OFF LIGHTMAP_OFF DIRLIGHTMAP_OFF ok=1
Cmd: compileSnippet
  api=4 type=1 insize=5176 outsize=2802 kw=DIRECTIONAL SHADOWS_OFF LIGHTMAP_OFF DIRLIGHTMAP_OFF ok=1
Cmd: compileSnippet
  api=4 type=0 insize=2786 outsize=3720 kw=POINT ok=1
Cmd: compileSnippet
  api=4 type=1 insize=2786 outsize=3127 kw=POINT ok=1
Cmd: compileSnippet
  api=4 type=0 insize=2699 outsize=3005 kw= ok=1
Cmd: compileSnippet
  api=4 type=1 insize=2699 outsize=1859 kw= ok=1
Cmd: compileSnippet
  api=4 type=0 insize=4625 outsize=2972 kw=LIGHTMAP_OFF DIRLIGHTMAP_OFF HDR_LIGHT_PREPASS_OFF ok=1
Cmd: compileSnippet
  api=4 type=1 insize=4625 outsize=1672 kw=LIGHTMAP_OFF DIRLIGHTMAP_OFF HDR_LIGHT_PREPASS_OFF ok=1
Cmd: preprocess
  insize=554 outsize=554 ok=1
Cmd: compileSnippet
  api=4 type=0 insize=2786 outsize=2940 kw=DIRECTIONAL ok=1
Cmd: compileSnippet
  api=4 type=1 insize=2786 outsize=2655 kw=DIRECTIONAL ok=1
Cmd: compileSnippet
  api=4 type=0 insize=5176 outsize=4427 kw=DIRECTIONAL SHADOWS_SCREEN LIGHTMAP_OFF DIRLIGHTMAP_OFF ok=1
Cmd: compileSnippet
  api=4 type=1 insize=5176 outsize=3118 kw=DIRECTIONAL SHADOWS_SCREEN LIGHTMAP_OFF DIRLIGHTMAP_OFF ok=1
